
> my-tutor-website@0.1.0 build
> next build

   ▲ Next.js 15.3.4
   - Environments: .env.local, .env.production
   - Experiments (use with caution):
     ✓ optimizeCss
     ✓ scrollRestoration
     ✓ webpackBuildWorker
     ✓ webpackMemoryOptimizations

   Creating an optimized production build ...
   Using tsconfig file: ./tsconfig.production.json
 ⚠ Compiled with warnings in 12.0s

./src/lib/monitoring/enterprise-monitoring.ts
Attempted import error: 'PERFORMANCE_CONFIG' is not exported from '../../../performance.config' (imported as 'PERFORMANCE_CONFIG').

Import trace for requested module:
./src/lib/monitoring/enterprise-monitoring.ts
./src/app/api/monitoring/dashboard/route.ts

./src/lib/monitoring/enterprise-monitoring.ts
Attempted import error: 'PERFORMANCE_CONFIG' is not exported from '../../../performance.config' (imported as 'PERFORMANCE_CONFIG').

Import trace for requested module:
./src/lib/monitoring/enterprise-monitoring.ts
./src/app/api/monitoring/dashboard/route.ts

./src/lib/monitoring/enterprise-monitoring.ts
Attempted import error: 'PERFORMANCE_CONFIG' is not exported from '../../../performance.config' (imported as 'PERFORMANCE_CONFIG').

Import trace for requested module:
./src/lib/monitoring/enterprise-monitoring.ts
./src/app/api/monitoring/dashboard/route.ts

./src/lib/monitoring/enterprise-monitoring.ts
Attempted import error: 'PERFORMANCE_CONFIG' is not exported from '../../../performance.config' (imported as 'PERFORMANCE_CONFIG').

Import trace for requested module:
./src/lib/monitoring/enterprise-monitoring.ts
./src/app/api/monitoring/dashboard/route.ts

./src/lib/monitoring/enterprise-monitoring.ts
Attempted import error: 'PERFORMANCE_CONFIG' is not exported from '../../../performance.config' (imported as 'PERFORMANCE_CONFIG').

Import trace for requested module:
./src/lib/monitoring/enterprise-monitoring.ts
./src/app/api/monitoring/dashboard/route.ts

./src/lib/monitoring/enterprise-monitoring.ts
Attempted import error: 'PERFORMANCE_CONFIG' is not exported from '../../../performance.config' (imported as 'PERFORMANCE_CONFIG').

Import trace for requested module:
./src/lib/monitoring/enterprise-monitoring.ts
./src/app/api/monitoring/dashboard/route.ts

./src/lib/monitoring/enterprise-monitoring.ts
Attempted import error: 'PERFORMANCE_CONFIG' is not exported from '../../../performance.config' (imported as 'PERFORMANCE_CONFIG').

Import trace for requested module:
./src/lib/monitoring/enterprise-monitoring.ts
./src/app/api/monitoring/dashboard/route.ts

./src/lib/monitoring/performance-alerts.ts
Attempted import error: 'PERFORMANCE_CONFIG' is not exported from '../../../performance.config' (imported as 'PERFORMANCE_CONFIG').

Import trace for requested module:
./src/lib/monitoring/performance-alerts.ts
./src/app/api/monitoring/dashboard/route.ts

./src/lib/monitoring/performance-alerts.ts
Attempted import error: 'PERFORMANCE_CONFIG' is not exported from '../../../performance.config' (imported as 'PERFORMANCE_CONFIG').

Import trace for requested module:
./src/lib/monitoring/performance-alerts.ts
./src/app/api/monitoring/dashboard/route.ts

./src/lib/monitoring/performance-alerts.ts
Attempted import error: 'PERFORMANCE_CONFIG' is not exported from '../../../performance.config' (imported as 'PERFORMANCE_CONFIG').

Import trace for requested module:
./src/lib/monitoring/performance-alerts.ts
./src/app/api/monitoring/dashboard/route.ts

./src/lib/monitoring/performance-alerts.ts
Attempted import error: 'PERFORMANCE_CONFIG' is not exported from '../../../performance.config' (imported as 'PERFORMANCE_CONFIG').

Import trace for requested module:
./src/lib/monitoring/performance-alerts.ts
./src/app/api/monitoring/dashboard/route.ts

./src/lib/monitoring/real-time-dashboard.ts
Attempted import error: 'PERFORMANCE_CONFIG' is not exported from '../../../performance.config' (imported as 'PERFORMANCE_CONFIG').

Import trace for requested module:
./src/lib/monitoring/real-time-dashboard.ts
./src/app/api/monitoring/dashboard/route.ts

./src/lib/monitoring/real-time-dashboard.ts
Attempted import error: 'PERFORMANCE_CONFIG' is not exported from '../../../performance.config' (imported as 'PERFORMANCE_CONFIG').

Import trace for requested module:
./src/lib/monitoring/real-time-dashboard.ts
./src/app/api/monitoring/dashboard/route.ts

./src/lib/monitoring/real-time-dashboard.ts
Attempted import error: 'PERFORMANCE_CONFIG' is not exported from '../../../performance.config' (imported as 'PERFORMANCE_CONFIG').

Import trace for requested module:
./src/lib/monitoring/real-time-dashboard.ts
./src/app/api/monitoring/dashboard/route.ts

./src/lib/monitoring/real-time-dashboard.ts
Attempted import error: 'PERFORMANCE_CONFIG' is not exported from '../../../performance.config' (imported as 'PERFORMANCE_CONFIG').

Import trace for requested module:
./src/lib/monitoring/real-time-dashboard.ts
./src/app/api/monitoring/dashboard/route.ts

   Using tsconfig file: ./tsconfig.production.json
   Using tsconfig file: ./tsconfig.production.json
 ✓ Compiled successfully in 24.0s
   Skipping validation of types
   Skipping linting
   Collecting page data ...
 ⚠ Using edge runtime on a page currently disables static generation for that page
   Generating static pages (0/63) ...
   Generating static pages (15/63) 
   Generating static pages (31/63) 
   Generating static pages (47/63) 
 ✓ Generating static pages (63/63)
   Finalizing page optimization ...
   Collecting build traces ...

Route (app)                                          Size  First Load JS  Revalidate  Expire
┌ ƒ /                                               277 B         148 kB
├ ƒ /_not-found                                     277 B         148 kB
├ ● /[locale]                                     17.3 kB         342 kB
├   ├ /en-GB
├   ├ /fr-FR
├   ├ /es-ES
├   └ [+2 more paths]
├ ● /[locale]/faq                                 1.38 kB         150 kB
├   ├ /en-GB/faq
├   ├ /fr-FR/faq
├   ├ /es-ES/faq
├   └ [+2 more paths]
├ ○ /[locale]/sitemap.xml                           277 B         148 kB
├ ● /[locale]/testimonials                        15.3 kB         350 kB
├   ├ /en-GB/testimonials
├   ├ /fr-FR/testimonials
├   ├ /es-ES/testimonials
├   └ [+2 more paths]
├ ƒ /11-plus-bootcamps                            5.68 kB         334 kB
├ ƒ /about                                        10.1 kB         332 kB
├ ƒ /admin                                        2.61 kB         190 kB
├ ƒ /admin/login                                  2.36 kB         182 kB
├ ƒ /admin/monitoring                             3.23 kB         151 kB
├ ƒ /api/admin/auth/login                           277 B         148 kB
├ ƒ /api/admin/auth/logout                          277 B         148 kB
├ ƒ /api/admin/security/events                      277 B         148 kB
├ ƒ /api/admin/security/metrics                     277 B         148 kB
├ ƒ /api/analytics/client-success                   277 B         148 kB
├ ƒ /api/analytics/conversion-events                277 B         148 kB
├ ƒ /api/analytics/events                           277 B         148 kB
├ ƒ /api/analytics/performance                      277 B         148 kB
├ ƒ /api/analytics/testimonials                     277 B         148 kB
├ ƒ /api/contact                                    277 B         148 kB
├ ƒ /api/csrf-token                                 277 B         148 kB
├ ƒ /api/errors                                     277 B         148 kB
├ ƒ /api/faq/errors                                 277 B         148 kB
├ ƒ /api/faq/search                                 277 B         148 kB
├ ƒ /api/faq/suggestions                            277 B         148 kB
├ ƒ /api/faq/suggestions/[id]/vote                  277 B         148 kB
├ ƒ /api/infrastructure/health                      277 B         148 kB
├ ƒ /api/monitoring/dashboard                       277 B         148 kB
├ ƒ /api/monitoring/dashboard-optimized             277 B         148 kB
├ ƒ /api/monitoring/performance                     277 B         148 kB
├ ƒ /api/monitoring/performance-history             277 B         148 kB
├ ƒ /api/newsletter                                 277 B         148 kB
├ ƒ /api/performance                                277 B         148 kB
├ ƒ /api/performance/alerts                         277 B         148 kB
├ ƒ /api/performance/alerts/process                 277 B         148 kB
├ ƒ /api/performance/metrics                        277 B         148 kB
├ ƒ /api/seo                                        277 B         148 kB
├ ƒ /api/seo-analytics                              277 B         148 kB
├ ƒ /api/sitemap                                    277 B         148 kB
├ ○ /api/sitemap/status                             277 B         148 kB          5m      1y
├ ƒ /api/vitals                                     277 B         148 kB
├ ƒ /blog                                         3.36 kB         207 kB
├ ƒ /contact                                      6.32 kB         311 kB
├ ƒ /dashboard                                    12.4 kB         481 kB
├ ƒ /dashboard/faq-analytics                      1.43 kB         278 kB
├ ƒ /dashboard/performance                        5.04 kB         190 kB
├ ƒ /dashboard/testimonials-analytics             11.7 kB         421 kB
├ ƒ /exam-papers                                  4.69 kB         326 kB
├ ƒ /expert-educators                             8.06 kB         327 kB
├ ƒ /faq                                          6.31 kB         325 kB
├ ƒ /faq/[category]                                 277 B         148 kB
├ ƒ /faq/[category]/[subcategory]                   277 B         148 kB
├ ƒ /faq/search                                   76.7 kB         409 kB
├ ƒ /homeschooling                                5.99 kB         327 kB
├ ƒ /how-it-works                                 5.42 kB         335 kB
├ ƒ /legal/cookie-policy                          5.78 kB         328 kB
├ ƒ /legal/privacy-policy                         5.94 kB         328 kB
├ ƒ /legal/terms-of-service                       6.53 kB         328 kB
├ ƒ /meet-our-tutors                              3.17 kB         333 kB
├ ƒ /new-page                                     9.11 kB         331 kB
├ ƒ /offline                                      7.45 kB         314 kB
├ ○ /opengraph-image                                277 B         148 kB
├ ƒ /performance-dashboard                        2.61 kB         151 kB
├ ○ /robots.txt                                     277 B         148 kB
├ ƒ /services                                     17.1 kB         465 kB
├ ○ /sitemap.xml                                    277 B         148 kB          1d      1y
├ ƒ /subject-tuition                              6.87 kB         335 kB
├ ● /subject-tuition/[subject]                    6.15 kB         154 kB
├   ├ /subject-tuition/mathematics
├   ├ /subject-tuition/english
├   ├ /subject-tuition/science
├   └ [+13 more paths]
├ ƒ /testimonials                                 6.17 kB         331 kB
└ ƒ /video-masterclasses                          4.23 kB         326 kB
+ First Load JS shared by all                      148 kB
  ├ chunks/npm.next-2898f16f-3f54ab86f4eb91f3.js  18.2 kB
  ├ chunks/npm.next-362d063c-3c7e895078080213.js  14.7 kB
  ├ chunks/npm.next-4a7382ad-b9b4b28dc23a297b.js  11.6 kB
  ├ chunks/npm.next-cfb98476-b008854a686bb616.js  14.4 kB
  ├ chunks/npm.next-ff30e0d3-c29998d8998193ea.js  53.2 kB
  └ other shared chunks (total)                   36.1 kB


○  (Static)   prerendered as static content
●  (SSG)      prerendered as static HTML (uses generateStaticParams)
ƒ  (Dynamic)  server-rendered on demand

